<?xml version="1.0" encoding="UTF-8"?>
<!-- Generated by org.testng.reporters.JUnitReportReporter -->
<testsuite hostname="Raja" failures="0" tests="1" name="test.TestFramework" time="1.494" errors="0" timestamp="29 Nov 2022 07:20:53 GMT" skipped="0">
  <testcase classname="test.TestFramework" name="test" time="1.494"/>
</testsuite> <!-- test.TestFramework -->
