<?xml version="1.0" encoding="UTF-8"?>
<!-- Generated by org.testng.reporters.JUnitReportReporter -->
<testsuite hostname="Raja" failures="0" tests="1" name="generics.ExtentManager" time="0.840" errors="0" timestamp="29 Nov 2022 11:45:44 GMT" skipped="0">
  <testcase classname="generics.ExtentManager" name="start" time="0.840"/>
</testsuite> <!-- generics.ExtentManager -->
