<?xml version="1.0" encoding="UTF-8"?>
<!-- Generated by org.testng.reporters.JUnitReportReporter -->
<testsuite hostname="Raja" failures="0" tests="1" name="test.TestFacebook" time="9.552" errors="0" timestamp="24 Nov 2022 08:14:08 GMT" skipped="0">
  <testcase classname="test.TestFacebook" name="login" time="9.552"/>
</testsuite> <!-- test.TestFacebook -->
