<?xml version="1.0" encoding="UTF-8"?>
<!-- Generated by org.testng.reporters.JUnitReportReporter -->
<testsuite hostname="Raja" failures="0" tests="1" name="test.TestFacebook" time="9.977" errors="0" timestamp="25 Nov 2022 15:02:59 GMT" skipped="0">
  <testcase classname="test.TestFacebook" name="login" time="9.977"/>
</testsuite> <!-- test.TestFacebook -->
